<?xml version="1.0" encoding="UTF-8"?>
<testng-results skipped="0" failed="0" ignored="0" total="0" passed="0">
  <reporter-output>
  </reporter-output>
  <suite name="ArrayTest" duration-ms="33" started-at="2019-12-13T17:43:08 CST" finished-at="2019-12-13T17:43:08 CST">
    <groups>
    </groups>
    <test name="Command line test" duration-ms="33" started-at="2019-12-13T17:43:08 CST" finished-at="2019-12-13T17:43:08 CST">
    </test> <!-- Command line test -->
  </suite> <!-- ArrayTest -->
</testng-results>
